This file contains any messages produced by compilers while
running configure, to aid debugging if configure makes a mistake.

configure:556: checking for a BSD compatible install
configure:609: checking whether build environment is sane
configure:666: checking whether make sets ${MAKE}
configure:712: checking for working aclocal
configure:725: checking for working autoconf
configure:738: checking for working automake
configure:751: checking for working autoheader
configure:764: checking for working makeinfo
configure:783: checking for gawk
configure:815: checking for gcc
configure:928: checking whether the C compiler (gcc  ) works
configure:944: gcc -o conftest    conftest.c  1>&5
configure:970: checking whether the C compiler (gcc  ) is a cross-compiler
configure:975: checking whether we are using GNU C
configure:1003: checking whether gcc accepts -g
configure:1046: checking for a BSD compatible install
configure:1099: checking whether ln -s works
configure:1122: checking for suite_create in -lcheck
